2022-10-26 06:15:04,940 :INFO : WDM :====== WebDriver manager ======
2022-10-26 06:15:04,940 :INFO : WDM :====== WebDriver manager ======
2022-10-26 06:15:04,940 :INFO : WDM :====== WebDriver manager ======
2022-10-26 06:15:04,940 :INFO : WDM :====== WebDriver manager ======
2022-10-26 06:15:04,940 :INFO : WDM :====== WebDriver manager ======
2022-10-26 06:15:05,497 :INFO : WDM :Get LATEST chromedriver version for google-chrome 106.0.5249
2022-10-26 06:15:05,497 :INFO : WDM :Get LATEST chromedriver version for google-chrome 106.0.5249
2022-10-26 06:15:05,497 :INFO : WDM :Get LATEST chromedriver version for google-chrome 106.0.5249
2022-10-26 06:15:05,497 :INFO : WDM :Get LATEST chromedriver version for google-chrome 106.0.5249
2022-10-26 06:15:05,497 :INFO : WDM :Get LATEST chromedriver version for google-chrome 106.0.5249
2022-10-26 06:15:06,511 :INFO : WDM :Driver [C:\Users\dell\.wdm\drivers\chromedriver\win32\106.0.5249\chromedriver.exe] found in cache
2022-10-26 06:15:06,511 :INFO : WDM :Driver [C:\Users\dell\.wdm\drivers\chromedriver\win32\106.0.5249\chromedriver.exe] found in cache
2022-10-26 06:15:06,511 :INFO : WDM :Driver [C:\Users\dell\.wdm\drivers\chromedriver\win32\106.0.5249\chromedriver.exe] found in cache
2022-10-26 06:15:06,511 :INFO : WDM :Driver [C:\Users\dell\.wdm\drivers\chromedriver\win32\106.0.5249\chromedriver.exe] found in cache
2022-10-26 06:15:06,511 :INFO : WDM :Driver [C:\Users\dell\.wdm\drivers\chromedriver\win32\106.0.5249\chromedriver.exe] found in cache
2022-10-26 06:15:26,638 :INFO : root :***********  the new employee is added  **********
2022-10-26 06:15:26,638 :INFO : root :***********  the new employee is added  **********
2022-10-26 06:15:26,638 :INFO : root :***********  the new employee is added  **********
2022-10-26 06:15:26,638 :INFO : root :***********  the new employee is added  **********
2022-10-26 06:15:26,638 :INFO : root :***********  the new employee is added  **********
2022-10-26 06:15:32,988 :INFO : root :**********  personal details are added  **********
2022-10-26 06:15:32,988 :INFO : root :**********  personal details are added  **********
2022-10-26 06:15:32,988 :INFO : root :**********  personal details are added  **********
2022-10-26 06:15:32,988 :INFO : root :**********  personal details are added  **********
2022-10-26 06:15:32,988 :INFO : root :**********  personal details are added  **********
2022-10-26 06:15:32,993 :INFO : WDM :====== WebDriver manager ======
2022-10-26 06:15:32,993 :INFO : WDM :====== WebDriver manager ======
2022-10-26 06:15:32,993 :INFO : WDM :====== WebDriver manager ======
2022-10-26 06:15:32,993 :INFO : WDM :====== WebDriver manager ======
2022-10-26 06:15:32,993 :INFO : WDM :====== WebDriver manager ======
2022-10-26 06:15:33,518 :INFO : WDM :Get LATEST chromedriver version for google-chrome 106.0.5249
2022-10-26 06:15:33,518 :INFO : WDM :Get LATEST chromedriver version for google-chrome 106.0.5249
2022-10-26 06:15:33,518 :INFO : WDM :Get LATEST chromedriver version for google-chrome 106.0.5249
2022-10-26 06:15:33,518 :INFO : WDM :Get LATEST chromedriver version for google-chrome 106.0.5249
2022-10-26 06:15:33,518 :INFO : WDM :Get LATEST chromedriver version for google-chrome 106.0.5249
2022-10-26 06:15:34,506 :INFO : WDM :Driver [C:\Users\dell\.wdm\drivers\chromedriver\win32\106.0.5249\chromedriver.exe] found in cache
2022-10-26 06:15:34,506 :INFO : WDM :Driver [C:\Users\dell\.wdm\drivers\chromedriver\win32\106.0.5249\chromedriver.exe] found in cache
2022-10-26 06:15:34,506 :INFO : WDM :Driver [C:\Users\dell\.wdm\drivers\chromedriver\win32\106.0.5249\chromedriver.exe] found in cache
2022-10-26 06:15:34,506 :INFO : WDM :Driver [C:\Users\dell\.wdm\drivers\chromedriver\win32\106.0.5249\chromedriver.exe] found in cache
2022-10-26 06:15:34,506 :INFO : WDM :Driver [C:\Users\dell\.wdm\drivers\chromedriver\win32\106.0.5249\chromedriver.exe] found in cache
2022-10-26 06:15:59,575 :INFO : root :***********  successfully edit the marital status **********
2022-10-26 06:15:59,575 :INFO : root :***********  successfully edit the marital status **********
2022-10-26 06:15:59,575 :INFO : root :***********  successfully edit the marital status **********
2022-10-26 06:15:59,575 :INFO : root :***********  successfully edit the marital status **********
2022-10-26 06:15:59,575 :INFO : root :***********  successfully edit the marital status **********
2022-10-26 06:15:59,576 :INFO : WDM :====== WebDriver manager ======
2022-10-26 06:15:59,576 :INFO : WDM :====== WebDriver manager ======
2022-10-26 06:15:59,576 :INFO : WDM :====== WebDriver manager ======
2022-10-26 06:15:59,576 :INFO : WDM :====== WebDriver manager ======
2022-10-26 06:15:59,576 :INFO : WDM :====== WebDriver manager ======
2022-10-26 06:16:00,050 :INFO : WDM :Get LATEST chromedriver version for google-chrome 106.0.5249
2022-10-26 06:16:00,050 :INFO : WDM :Get LATEST chromedriver version for google-chrome 106.0.5249
2022-10-26 06:16:00,050 :INFO : WDM :Get LATEST chromedriver version for google-chrome 106.0.5249
2022-10-26 06:16:00,050 :INFO : WDM :Get LATEST chromedriver version for google-chrome 106.0.5249
2022-10-26 06:16:00,050 :INFO : WDM :Get LATEST chromedriver version for google-chrome 106.0.5249
2022-10-26 06:16:00,848 :INFO : WDM :Driver [C:\Users\dell\.wdm\drivers\chromedriver\win32\106.0.5249\chromedriver.exe] found in cache
2022-10-26 06:16:00,848 :INFO : WDM :Driver [C:\Users\dell\.wdm\drivers\chromedriver\win32\106.0.5249\chromedriver.exe] found in cache
2022-10-26 06:16:00,848 :INFO : WDM :Driver [C:\Users\dell\.wdm\drivers\chromedriver\win32\106.0.5249\chromedriver.exe] found in cache
2022-10-26 06:16:00,848 :INFO : WDM :Driver [C:\Users\dell\.wdm\drivers\chromedriver\win32\106.0.5249\chromedriver.exe] found in cache
2022-10-26 06:16:00,848 :INFO : WDM :Driver [C:\Users\dell\.wdm\drivers\chromedriver\win32\106.0.5249\chromedriver.exe] found in cache
2022-10-26 06:16:23,502 :INFO : root :********** delete one user in pim list is done ***********
2022-10-26 06:16:23,502 :INFO : root :********** delete one user in pim list is done ***********
2022-10-26 06:16:23,502 :INFO : root :********** delete one user in pim list is done ***********
2022-10-26 06:16:23,502 :INFO : root :********** delete one user in pim list is done ***********
2022-10-26 06:16:23,502 :INFO : root :********** delete one user in pim list is done ***********
2022-10-26 06:16:23,504 :INFO : WDM :====== WebDriver manager ======
2022-10-26 06:16:23,504 :INFO : WDM :====== WebDriver manager ======
2022-10-26 06:16:23,504 :INFO : WDM :====== WebDriver manager ======
2022-10-26 06:16:23,504 :INFO : WDM :====== WebDriver manager ======
2022-10-26 06:16:23,504 :INFO : WDM :====== WebDriver manager ======
2022-10-26 06:16:24,295 :INFO : WDM :Get LATEST chromedriver version for google-chrome 106.0.5249
2022-10-26 06:16:24,295 :INFO : WDM :Get LATEST chromedriver version for google-chrome 106.0.5249
2022-10-26 06:16:24,295 :INFO : WDM :Get LATEST chromedriver version for google-chrome 106.0.5249
2022-10-26 06:16:24,295 :INFO : WDM :Get LATEST chromedriver version for google-chrome 106.0.5249
2022-10-26 06:16:24,295 :INFO : WDM :Get LATEST chromedriver version for google-chrome 106.0.5249
2022-10-26 06:16:24,897 :INFO : WDM :Driver [C:\Users\dell\.wdm\drivers\chromedriver\win32\106.0.5249\chromedriver.exe] found in cache
2022-10-26 06:16:24,897 :INFO : WDM :Driver [C:\Users\dell\.wdm\drivers\chromedriver\win32\106.0.5249\chromedriver.exe] found in cache
2022-10-26 06:16:24,897 :INFO : WDM :Driver [C:\Users\dell\.wdm\drivers\chromedriver\win32\106.0.5249\chromedriver.exe] found in cache
2022-10-26 06:16:24,897 :INFO : WDM :Driver [C:\Users\dell\.wdm\drivers\chromedriver\win32\106.0.5249\chromedriver.exe] found in cache
2022-10-26 06:16:24,897 :INFO : WDM :Driver [C:\Users\dell\.wdm\drivers\chromedriver\win32\106.0.5249\chromedriver.exe] found in cache
2022-10-26 06:16:39,737 :INFO : root :------- successfully login -------------
2022-10-26 06:16:39,737 :INFO : root :------- successfully login -------------
2022-10-26 06:16:39,737 :INFO : root :------- successfully login -------------
2022-10-26 06:16:39,737 :INFO : root :------- successfully login -------------
2022-10-26 06:16:39,737 :INFO : root :------- successfully login -------------
2022-10-26 06:16:39,745 :INFO : WDM :====== WebDriver manager ======
2022-10-26 06:16:39,745 :INFO : WDM :====== WebDriver manager ======
2022-10-26 06:16:39,745 :INFO : WDM :====== WebDriver manager ======
2022-10-26 06:16:39,745 :INFO : WDM :====== WebDriver manager ======
2022-10-26 06:16:39,745 :INFO : WDM :====== WebDriver manager ======
2022-10-26 06:16:40,997 :INFO : WDM :Get LATEST chromedriver version for google-chrome 106.0.5249
2022-10-26 06:16:40,997 :INFO : WDM :Get LATEST chromedriver version for google-chrome 106.0.5249
2022-10-26 06:16:40,997 :INFO : WDM :Get LATEST chromedriver version for google-chrome 106.0.5249
2022-10-26 06:16:40,997 :INFO : WDM :Get LATEST chromedriver version for google-chrome 106.0.5249
2022-10-26 06:16:40,997 :INFO : WDM :Get LATEST chromedriver version for google-chrome 106.0.5249
2022-10-26 06:16:42,068 :INFO : WDM :Driver [C:\Users\dell\.wdm\drivers\chromedriver\win32\106.0.5249\chromedriver.exe] found in cache
2022-10-26 06:16:42,068 :INFO : WDM :Driver [C:\Users\dell\.wdm\drivers\chromedriver\win32\106.0.5249\chromedriver.exe] found in cache
2022-10-26 06:16:42,068 :INFO : WDM :Driver [C:\Users\dell\.wdm\drivers\chromedriver\win32\106.0.5249\chromedriver.exe] found in cache
2022-10-26 06:16:42,068 :INFO : WDM :Driver [C:\Users\dell\.wdm\drivers\chromedriver\win32\106.0.5249\chromedriver.exe] found in cache
2022-10-26 06:16:42,068 :INFO : WDM :Driver [C:\Users\dell\.wdm\drivers\chromedriver\win32\106.0.5249\chromedriver.exe] found in cache
2022-10-26 06:16:55,949 :INFO : root :**********  wrong login **********
2022-10-26 06:16:55,949 :INFO : root :**********  wrong login **********
2022-10-26 06:16:55,949 :INFO : root :**********  wrong login **********
2022-10-26 06:16:55,949 :INFO : root :**********  wrong login **********
2022-10-26 06:16:55,949 :INFO : root :**********  wrong login **********
